============================================
PLATFORM_VERSION_CODENAME=REL
PLATFORM_VERSION=4.3.1
CM_VERSION=10.2-20140204-UNOFFICIAL-diamond
TARGET_PRODUCT=cm_diamond
TARGET_BUILD_VARIANT=eng
TARGET_BUILD_TYPE=release
TARGET_BUILD_APPS=
TARGET_ARCH=arm
TARGET_ARCH_VARIANT=armv7-a-neon
TARGET_CPU_VARIANT=cortex-a9
HOST_ARCH=x86
HOST_OS=linux
HOST_OS_EXTRA=Linux-3.2.0-51-generic-x86_64-with-Ubuntu-12.04-precise
HOST_BUILD_TYPE=release
BUILD_ID=JLS36I
OUT_DIR=/home/hthwang/develop/diamond/diamond_android4.3/android/out
============================================
make: Entering directory `/home/hthwang/develop/diamond/diamond_android4.3/android'
PRODUCT_COPY_FILES device/anapass/diamond/proprietary/etc/apns-full-conf.xml:system/etc/apns-conf.xml ignored.
No private recovery resources for TARGET_DEVICE diamond
[32mtarget asm:[0m libavcodec_arm_2.1.3_android <= prebuilts/ffmpeg/ffmpeg-2.1.3/libavcodec/arm/h264idct_neon.S
make: Leaving directory `/home/hthwang/develop/diamond/diamond_android4.3/android'
